<?xml version="1.0" encoding="UTF-8"?><testrun name="PizzaShopTest" project="Pizza-Shop-main" tests="30" started="30" failures="3" errors="0" ignored="0">
  <testsuite name="pizzashop.PizzaShopTest" time="0.074" displayname="PizzaShopTest" uniqueid="[engine:junit-vintage]/[runner:pizzashop.PizzaShopTest]">
    <testcase name="testConvertToDiameter" classname="pizzashop.PizzaShopTest" time="0.001" displayname="testConvertToDiameter" uniqueid="[engine:junit-vintage]/[runner:pizzashop.PizzaShopTest]/[test:testConvertToDiameter(pizzashop.PizzaShopTest)]"/>
    <testcase name="testFoodEquals" classname="pizzashop.PizzaShopTest" time="0.0" displayname="testFoodEquals" uniqueid="[engine:junit-vintage]/[runner:pizzashop.PizzaShopTest]/[test:testFoodEquals(pizzashop.PizzaShopTest)]"/>
    <testcase name="testFoodConstructorAndGetters" classname="pizzashop.PizzaShopTest" time="0.0" displayname="testFoodConstructorAndGetters" uniqueid="[engine:junit-vintage]/[runner:pizzashop.PizzaShopTest]/[test:testFoodConstructorAndGetters(pizzashop.PizzaShopTest)]"/>
    <testcase name="testMenuIsEmpty" classname="pizzashop.PizzaShopTest" time="0.0" displayname="testMenuIsEmpty" uniqueid="[engine:junit-vintage]/[runner:pizzashop.PizzaShopTest]/[test:testMenuIsEmpty(pizzashop.PizzaShopTest)]"/>
    <testcase name="testPrice" classname="pizzashop.PizzaShopTest" time="0.008" displayname="testPrice" uniqueid="[engine:junit-vintage]/[runner:pizzashop.PizzaShopTest]/[test:testPrice(pizzashop.PizzaShopTest)]"/>
    <testcase name="testBase" classname="pizzashop.PizzaShopTest" time="0.005" displayname="testBase" uniqueid="[engine:junit-vintage]/[runner:pizzashop.PizzaShopTest]/[test:testBase(pizzashop.PizzaShopTest)]"/>
    <testcase name="testName" classname="pizzashop.PizzaShopTest" time="0.003" displayname="testName" uniqueid="[engine:junit-vintage]/[runner:pizzashop.PizzaShopTest]/[test:testName(pizzashop.PizzaShopTest)]"/>
    <testcase name="testSize" classname="pizzashop.PizzaShopTest" time="0.005" displayname="testSize" uniqueid="[engine:junit-vintage]/[runner:pizzashop.PizzaShopTest]/[test:testSize(pizzashop.PizzaShopTest)]"/>
    <testcase name="testFoodSetAdd" classname="pizzashop.PizzaShopTest" time="0.0" displayname="testFoodSetAdd" uniqueid="[engine:junit-vintage]/[runner:pizzashop.PizzaShopTest]/[test:testFoodSetAdd(pizzashop.PizzaShopTest)]"/>
    <testcase name="testPrintMenu" classname="pizzashop.PizzaShopTest" time="0.003" displayname="testPrintMenu" uniqueid="[engine:junit-vintage]/[runner:pizzashop.PizzaShopTest]/[test:testPrintMenu(pizzashop.PizzaShopTest)]"/>
    <testcase name="testIncorrectFoodEquals" classname="pizzashop.PizzaShopTest" time="0.001" displayname="testIncorrectFoodEquals" uniqueid="[engine:junit-vintage]/[runner:pizzashop.PizzaShopTest]/[test:testIncorrectFoodEquals(pizzashop.PizzaShopTest)]"/>
    <testcase name="testPizzaBaseEquals" classname="pizzashop.PizzaShopTest" time="0.0" displayname="testPizzaBaseEquals" uniqueid="[engine:junit-vintage]/[runner:pizzashop.PizzaShopTest]/[test:testPizzaBaseEquals(pizzashop.PizzaShopTest)]"/>
    <testcase name="testWrongPrice" classname="pizzashop.PizzaShopTest" time="0.003" displayname="testWrongPrice" uniqueid="[engine:junit-vintage]/[runner:pizzashop.PizzaShopTest]/[test:testWrongPrice(pizzashop.PizzaShopTest)]"/>
    <testcase name="testPizzaSetBase" classname="pizzashop.PizzaShopTest" time="0.0" displayname="testPizzaSetBase" uniqueid="[engine:junit-vintage]/[runner:pizzashop.PizzaShopTest]/[test:testPizzaSetBase(pizzashop.PizzaShopTest)]"/>
    <testcase name="testAddTopping" classname="pizzashop.PizzaShopTest" time="0.001" displayname="testAddTopping" uniqueid="[engine:junit-vintage]/[runner:pizzashop.PizzaShopTest]/[test:testAddTopping(pizzashop.PizzaShopTest)]"/>
    <testcase name="testWrongBase" classname="pizzashop.PizzaShopTest" time="0.022" displayname="testWrongBase" uniqueid="[engine:junit-vintage]/[runner:pizzashop.PizzaShopTest]/[test:testWrongBase(pizzashop.PizzaShopTest)]">
      <failure>
        <expected>thin crust</expected>
        <actual>deep crust</actual>
        org.junit.ComparisonFailure: expected:&lt;[thin] crust&gt; but was:&lt;[deep] crust&gt;
	at org.junit.Assert.assertEquals(Assert.java:117)
	at org.junit.Assert.assertEquals(Assert.java:146)
	at pizzashop.PizzaShopTest.testWrongBase(PizzaShopTest.java:43)
	at java.base/jdk.internal.reflect.NativeMethodAccessorImpl.invoke0(Native Method)
	at java.base/jdk.internal.reflect.NativeMethodAccessorImpl.invoke(NativeMethodAccessorImpl.java:77)
	at java.base/jdk.internal.reflect.DelegatingMethodAccessorImpl.invoke(DelegatingMethodAccessorImpl.java:43)
	at java.base/java.lang.reflect.Method.invoke(Method.java:568)
	at org.junit.runners.model.FrameworkMethod$1.runReflectiveCall(FrameworkMethod.java:59)
	at org.junit.internal.runners.model.ReflectiveCallable.run(ReflectiveCallable.java:12)
	at org.junit.runners.model.FrameworkMethod.invokeExplosively(FrameworkMethod.java:56)
	at org.junit.internal.runners.statements.InvokeMethod.evaluate(InvokeMethod.java:17)
	at org.junit.runners.ParentRunner$3.evaluate(ParentRunner.java:306)
	at org.junit.runners.BlockJUnit4ClassRunner$1.evaluate(BlockJUnit4ClassRunner.java:100)
	at org.junit.runners.ParentRunner.runLeaf(ParentRunner.java:366)
	at org.junit.runners.BlockJUnit4ClassRunner.runChild(BlockJUnit4ClassRunner.java:103)
	at org.junit.runners.BlockJUnit4ClassRunner.runChild(BlockJUnit4ClassRunner.java:63)
	at org.junit.runners.ParentRunner$4.run(ParentRunner.java:331)
	at org.junit.runners.ParentRunner$1.schedule(ParentRunner.java:79)
	at org.junit.runners.ParentRunner.runChildren(ParentRunner.java:329)
	at org.junit.runners.ParentRunner.access$100(ParentRunner.java:66)
	at org.junit.runners.ParentRunner$2.evaluate(ParentRunner.java:293)
	at org.junit.runners.ParentRunner$3.evaluate(ParentRunner.java:306)
	at org.junit.runners.ParentRunner.run(ParentRunner.java:413)
	at org.junit.runner.JUnitCore.run(JUnitCore.java:137)
	at org.junit.runner.JUnitCore.run(JUnitCore.java:115)
	at org.junit.vintage.engine.execution.RunnerExecutor.execute(RunnerExecutor.java:42)
	at org.junit.vintage.engine.VintageTestEngine.executeAllChildren(VintageTestEngine.java:80)
	at org.junit.vintage.engine.VintageTestEngine.execute(VintageTestEngine.java:72)
	at org.junit.platform.launcher.core.EngineExecutionOrchestrator.execute(EngineExecutionOrchestrator.java:147)
	at org.junit.platform.launcher.core.EngineExecutionOrchestrator.execute(EngineExecutionOrchestrator.java:127)
	at org.junit.platform.launcher.core.EngineExecutionOrchestrator.execute(EngineExecutionOrchestrator.java:90)
	at org.junit.platform.launcher.core.EngineExecutionOrchestrator.lambda$execute$0(EngineExecutionOrchestrator.java:55)
	at org.junit.platform.launcher.core.EngineExecutionOrchestrator.withInterceptedStreams(EngineExecutionOrchestrator.java:102)
	at org.junit.platform.launcher.core.EngineExecutionOrchestrator.execute(EngineExecutionOrchestrator.java:54)
	at org.junit.platform.launcher.core.DefaultLauncher.execute(DefaultLauncher.java:114)
	at org.junit.platform.launcher.core.DefaultLauncher.execute(DefaultLauncher.java:95)
	at org.junit.platform.launcher.core.DefaultLauncherSession$DelegatingLauncher.execute(DefaultLauncherSession.java:91)
	at org.junit.platform.launcher.core.SessionPerRequestLauncher.execute(SessionPerRequestLauncher.java:60)
	at org.eclipse.jdt.internal.junit5.runner.JUnit5TestReference.run(JUnit5TestReference.java:98)
	at org.eclipse.jdt.internal.junit.runner.TestExecution.run(TestExecution.java:40)
	at org.eclipse.jdt.internal.junit.runner.RemoteTestRunner.runTests(RemoteTestRunner.java:529)
	at org.eclipse.jdt.internal.junit.runner.RemoteTestRunner.runTests(RemoteTestRunner.java:756)
	at org.eclipse.jdt.internal.junit.runner.RemoteTestRunner.run(RemoteTestRunner.java:452)
	at org.eclipse.jdt.internal.junit.runner.RemoteTestRunner.main(RemoteTestRunner.java:210)


      </failure>
    </testcase>
    <testcase name="testWrongName" classname="pizzashop.PizzaShopTest" time="0.003" displayname="testWrongName" uniqueid="[engine:junit-vintage]/[runner:pizzashop.PizzaShopTest]/[test:testWrongName(pizzashop.PizzaShopTest)]">
      <failure>
        <expected>Margherita Pizza</expected>
        <actual>Chicken and Prawn Pizza</actual>
        org.junit.ComparisonFailure: expected:&lt;[Margherita] Pizza&gt; but was:&lt;[Chicken and Prawn] Pizza&gt;
	at org.junit.Assert.assertEquals(Assert.java:117)
	at org.junit.Assert.assertEquals(Assert.java:146)
	at pizzashop.PizzaShopTest.testWrongName(PizzaShopTest.java:91)
	at java.base/jdk.internal.reflect.NativeMethodAccessorImpl.invoke0(Native Method)
	at java.base/jdk.internal.reflect.NativeMethodAccessorImpl.invoke(NativeMethodAccessorImpl.java:77)
	at java.base/jdk.internal.reflect.DelegatingMethodAccessorImpl.invoke(DelegatingMethodAccessorImpl.java:43)
	at java.base/java.lang.reflect.Method.invoke(Method.java:568)
	at org.junit.runners.model.FrameworkMethod$1.runReflectiveCall(FrameworkMethod.java:59)
	at org.junit.internal.runners.model.ReflectiveCallable.run(ReflectiveCallable.java:12)
	at org.junit.runners.model.FrameworkMethod.invokeExplosively(FrameworkMethod.java:56)
	at org.junit.internal.runners.statements.InvokeMethod.evaluate(InvokeMethod.java:17)
	at org.junit.runners.ParentRunner$3.evaluate(ParentRunner.java:306)
	at org.junit.runners.BlockJUnit4ClassRunner$1.evaluate(BlockJUnit4ClassRunner.java:100)
	at org.junit.runners.ParentRunner.runLeaf(ParentRunner.java:366)
	at org.junit.runners.BlockJUnit4ClassRunner.runChild(BlockJUnit4ClassRunner.java:103)
	at org.junit.runners.BlockJUnit4ClassRunner.runChild(BlockJUnit4ClassRunner.java:63)
	at org.junit.runners.ParentRunner$4.run(ParentRunner.java:331)
	at org.junit.runners.ParentRunner$1.schedule(ParentRunner.java:79)
	at org.junit.runners.ParentRunner.runChildren(ParentRunner.java:329)
	at org.junit.runners.ParentRunner.access$100(ParentRunner.java:66)
	at org.junit.runners.ParentRunner$2.evaluate(ParentRunner.java:293)
	at org.junit.runners.ParentRunner$3.evaluate(ParentRunner.java:306)
	at org.junit.runners.ParentRunner.run(ParentRunner.java:413)
	at org.junit.runner.JUnitCore.run(JUnitCore.java:137)
	at org.junit.runner.JUnitCore.run(JUnitCore.java:115)
	at org.junit.vintage.engine.execution.RunnerExecutor.execute(RunnerExecutor.java:42)
	at org.junit.vintage.engine.VintageTestEngine.executeAllChildren(VintageTestEngine.java:80)
	at org.junit.vintage.engine.VintageTestEngine.execute(VintageTestEngine.java:72)
	at org.junit.platform.launcher.core.EngineExecutionOrchestrator.execute(EngineExecutionOrchestrator.java:147)
	at org.junit.platform.launcher.core.EngineExecutionOrchestrator.execute(EngineExecutionOrchestrator.java:127)
	at org.junit.platform.launcher.core.EngineExecutionOrchestrator.execute(EngineExecutionOrchestrator.java:90)
	at org.junit.platform.launcher.core.EngineExecutionOrchestrator.lambda$execute$0(EngineExecutionOrchestrator.java:55)
	at org.junit.platform.launcher.core.EngineExecutionOrchestrator.withInterceptedStreams(EngineExecutionOrchestrator.java:102)
	at org.junit.platform.launcher.core.EngineExecutionOrchestrator.execute(EngineExecutionOrchestrator.java:54)
	at org.junit.platform.launcher.core.DefaultLauncher.execute(DefaultLauncher.java:114)
	at org.junit.platform.launcher.core.DefaultLauncher.execute(DefaultLauncher.java:95)
	at org.junit.platform.launcher.core.DefaultLauncherSession$DelegatingLauncher.execute(DefaultLauncherSession.java:91)
	at org.junit.platform.launcher.core.SessionPerRequestLauncher.execute(SessionPerRequestLauncher.java:60)
	at org.eclipse.jdt.internal.junit5.runner.JUnit5TestReference.run(JUnit5TestReference.java:98)
	at org.eclipse.jdt.internal.junit.runner.TestExecution.run(TestExecution.java:40)
	at org.eclipse.jdt.internal.junit.runner.RemoteTestRunner.runTests(RemoteTestRunner.java:529)
	at org.eclipse.jdt.internal.junit.runner.RemoteTestRunner.runTests(RemoteTestRunner.java:756)
	at org.eclipse.jdt.internal.junit.runner.RemoteTestRunner.run(RemoteTestRunner.java:452)
	at org.eclipse.jdt.internal.junit.runner.RemoteTestRunner.main(RemoteTestRunner.java:210)


      </failure>
    </testcase>
    <testcase name="testWrongSize" classname="pizzashop.PizzaShopTest" time="0.011" displayname="testWrongSize" uniqueid="[engine:junit-vintage]/[runner:pizzashop.PizzaShopTest]/[test:testWrongSize(pizzashop.PizzaShopTest)]">
      <failure>
        <expected>large</expected>
        <actual>small</actual>
        org.junit.ComparisonFailure: expected:&lt;[large]&gt; but was:&lt;[small]&gt;
	at org.junit.Assert.assertEquals(Assert.java:117)
	at org.junit.Assert.assertEquals(Assert.java:146)
	at pizzashop.PizzaShopTest.testWrongSize(PizzaShopTest.java:67)
	at java.base/jdk.internal.reflect.NativeMethodAccessorImpl.invoke0(Native Method)
	at java.base/jdk.internal.reflect.NativeMethodAccessorImpl.invoke(NativeMethodAccessorImpl.java:77)
	at java.base/jdk.internal.reflect.DelegatingMethodAccessorImpl.invoke(DelegatingMethodAccessorImpl.java:43)
	at java.base/java.lang.reflect.Method.invoke(Method.java:568)
	at org.junit.runners.model.FrameworkMethod$1.runReflectiveCall(FrameworkMethod.java:59)
	at org.junit.internal.runners.model.ReflectiveCallable.run(ReflectiveCallable.java:12)
	at org.junit.runners.model.FrameworkMethod.invokeExplosively(FrameworkMethod.java:56)
	at org.junit.internal.runners.statements.InvokeMethod.evaluate(InvokeMethod.java:17)
	at org.junit.runners.ParentRunner$3.evaluate(ParentRunner.java:306)
	at org.junit.runners.BlockJUnit4ClassRunner$1.evaluate(BlockJUnit4ClassRunner.java:100)
	at org.junit.runners.ParentRunner.runLeaf(ParentRunner.java:366)
	at org.junit.runners.BlockJUnit4ClassRunner.runChild(BlockJUnit4ClassRunner.java:103)
	at org.junit.runners.BlockJUnit4ClassRunner.runChild(BlockJUnit4ClassRunner.java:63)
	at org.junit.runners.ParentRunner$4.run(ParentRunner.java:331)
	at org.junit.runners.ParentRunner$1.schedule(ParentRunner.java:79)
	at org.junit.runners.ParentRunner.runChildren(ParentRunner.java:329)
	at org.junit.runners.ParentRunner.access$100(ParentRunner.java:66)
	at org.junit.runners.ParentRunner$2.evaluate(ParentRunner.java:293)
	at org.junit.runners.ParentRunner$3.evaluate(ParentRunner.java:306)
	at org.junit.runners.ParentRunner.run(ParentRunner.java:413)
	at org.junit.runner.JUnitCore.run(JUnitCore.java:137)
	at org.junit.runner.JUnitCore.run(JUnitCore.java:115)
	at org.junit.vintage.engine.execution.RunnerExecutor.execute(RunnerExecutor.java:42)
	at org.junit.vintage.engine.VintageTestEngine.executeAllChildren(VintageTestEngine.java:80)
	at org.junit.vintage.engine.VintageTestEngine.execute(VintageTestEngine.java:72)
	at org.junit.platform.launcher.core.EngineExecutionOrchestrator.execute(EngineExecutionOrchestrator.java:147)
	at org.junit.platform.launcher.core.EngineExecutionOrchestrator.execute(EngineExecutionOrchestrator.java:127)
	at org.junit.platform.launcher.core.EngineExecutionOrchestrator.execute(EngineExecutionOrchestrator.java:90)
	at org.junit.platform.launcher.core.EngineExecutionOrchestrator.lambda$execute$0(EngineExecutionOrchestrator.java:55)
	at org.junit.platform.launcher.core.EngineExecutionOrchestrator.withInterceptedStreams(EngineExecutionOrchestrator.java:102)
	at org.junit.platform.launcher.core.EngineExecutionOrchestrator.execute(EngineExecutionOrchestrator.java:54)
	at org.junit.platform.launcher.core.DefaultLauncher.execute(DefaultLauncher.java:114)
	at org.junit.platform.launcher.core.DefaultLauncher.execute(DefaultLauncher.java:95)
	at org.junit.platform.launcher.core.DefaultLauncherSession$DelegatingLauncher.execute(DefaultLauncherSession.java:91)
	at org.junit.platform.launcher.core.SessionPerRequestLauncher.execute(SessionPerRequestLauncher.java:60)
	at org.eclipse.jdt.internal.junit5.runner.JUnit5TestReference.run(JUnit5TestReference.java:98)
	at org.eclipse.jdt.internal.junit.runner.TestExecution.run(TestExecution.java:40)
	at org.eclipse.jdt.internal.junit.runner.RemoteTestRunner.runTests(RemoteTestRunner.java:529)
	at org.eclipse.jdt.internal.junit.runner.RemoteTestRunner.runTests(RemoteTestRunner.java:756)
	at org.eclipse.jdt.internal.junit.runner.RemoteTestRunner.run(RemoteTestRunner.java:452)
	at org.eclipse.jdt.internal.junit.runner.RemoteTestRunner.main(RemoteTestRunner.java:210)


      </failure>
    </testcase>
    <testcase name="testIncorrectPizzaBaseEquals" classname="pizzashop.PizzaShopTest" time="0.0" displayname="testIncorrectPizzaBaseEquals" uniqueid="[engine:junit-vintage]/[runner:pizzashop.PizzaShopTest]/[test:testIncorrectPizzaBaseEquals(pizzashop.PizzaShopTest)]"/>
    <testcase name="testAddingToMenu" classname="pizzashop.PizzaShopTest" time="0.0" displayname="testAddingToMenu" uniqueid="[engine:junit-vintage]/[runner:pizzashop.PizzaShopTest]/[test:testAddingToMenu(pizzashop.PizzaShopTest)]"/>
    <testcase name="testPizzaToString" classname="pizzashop.PizzaShopTest" time="0.0" displayname="testPizzaToString" uniqueid="[engine:junit-vintage]/[runner:pizzashop.PizzaShopTest]/[test:testPizzaToString(pizzashop.PizzaShopTest)]"/>
    <testcase name="testPizzaBaseConstructorAndGetters" classname="pizzashop.PizzaShopTest" time="0.0" displayname="testPizzaBaseConstructorAndGetters" uniqueid="[engine:junit-vintage]/[runner:pizzashop.PizzaShopTest]/[test:testPizzaBaseConstructorAndGetters(pizzashop.PizzaShopTest)]"/>
    <testcase name="testPizzaConstructorAndGetters" classname="pizzashop.PizzaShopTest" time="0.0" displayname="testPizzaConstructorAndGetters" uniqueid="[engine:junit-vintage]/[runner:pizzashop.PizzaShopTest]/[test:testPizzaConstructorAndGetters(pizzashop.PizzaShopTest)]"/>
    <testcase name="testIncorrectConvertToDiameter" classname="pizzashop.PizzaShopTest" time="0.0" displayname="testIncorrectConvertToDiameter" uniqueid="[engine:junit-vintage]/[runner:pizzashop.PizzaShopTest]/[test:testIncorrectConvertToDiameter(pizzashop.PizzaShopTest)]"/>
    <testcase name="testFoodToString" classname="pizzashop.PizzaShopTest" time="0.0" displayname="testFoodToString" uniqueid="[engine:junit-vintage]/[runner:pizzashop.PizzaShopTest]/[test:testFoodToString(pizzashop.PizzaShopTest)]"/>
    <testcase name="testPizzaBaseToString" classname="pizzashop.PizzaShopTest" time="0.0" displayname="testPizzaBaseToString" uniqueid="[engine:junit-vintage]/[runner:pizzashop.PizzaShopTest]/[test:testPizzaBaseToString(pizzashop.PizzaShopTest)]"/>
    <testcase name="testFoodSetRemove" classname="pizzashop.PizzaShopTest" time="0.0" displayname="testFoodSetRemove" uniqueid="[engine:junit-vintage]/[runner:pizzashop.PizzaShopTest]/[test:testFoodSetRemove(pizzashop.PizzaShopTest)]"/>
    <testcase name="testGetPizzaIndex" classname="pizzashop.PizzaShopTest" time="0.0" displayname="testGetPizzaIndex" uniqueid="[engine:junit-vintage]/[runner:pizzashop.PizzaShopTest]/[test:testGetPizzaIndex(pizzashop.PizzaShopTest)]"/>
    <testcase name="testInitializationOfPizza" classname="pizzashop.PizzaShopTest" time="0.0" displayname="testInitializationOfPizza" uniqueid="[engine:junit-vintage]/[runner:pizzashop.PizzaShopTest]/[test:testInitializationOfPizza(pizzashop.PizzaShopTest)]"/>
    <testcase name="testRemoveTopping" classname="pizzashop.PizzaShopTest" time="0.001" displayname="testRemoveTopping" uniqueid="[engine:junit-vintage]/[runner:pizzashop.PizzaShopTest]/[test:testRemoveTopping(pizzashop.PizzaShopTest)]"/>
  </testsuite>
</testrun>
